Removed Pin From Net: NetName=AC1 Pin=JP1-1
Removed Pin From Net: NetName=AC1 Pin=JP1-2
Removed Pin From Net: NetName=AC2 Pin=JP2-1
Removed Pin From Net: NetName=AC2 Pin=JP2-2
Removed Pin From Net: NetName=A Pin=JP3-1
Removed Pin From Net: NetName=A Pin=JP3-2
Removed Pin From Net: NetName=B Pin=JP4-1
Removed Pin From Net: NetName=B Pin=JP4-2
Removed Member From Class: ClassName=Temctrl_CPU Member=JP2
Removed Member From Class: ClassName=Temctrl_CPU Member=JP2
Removed Member From Class: ClassName=Temctrl_CPU Member=JP2
Removed Member From Class: ClassName=Temctrl_CPU Member=JP4
Removed Member From Class: ClassName=Temctrl_CPU Member=JP4
Removed Member From Class: ClassName=Temctrl_CPU Member=JP4
Change Component Footprint: Designator=JP1 Old Footprint=H-2/2-T New Footprint=P4
Change Component Footprint: Designator=JP3 Old Footprint=H-2/2-T New Footprint=P4
Change Component Footprint: Designator=JP9 Old Footprint=H-3/3-T New Footprint=P3
Change Component Footprint: Designator=JP8 Old Footprint=HDR1-8 New Footprint=HEAD8B-H - X
Change Component Footprint: Designator=JP7 Old Footprint=HEAD8A - X New Footprint=HEAD8B-H - X
Change Component Comment : Designator=JP3 Old Comment=H-2 New Comment=H-4
Change Component Comment : Designator=JP1 Old Comment=H-2 New Comment=H-4
Added Pin To Net: NetName=AC2 Pin=JP1-1
Added Pin To Net: NetName=AC2 Pin=JP1-2
Added Pin To Net: NetName=AC1 Pin=JP1-3
Added Pin To Net: NetName=AC1 Pin=JP1-4
Added Pin To Net: NetName=B Pin=JP3-1
Added Pin To Net: NetName=B Pin=JP3-2
Added Pin To Net: NetName=A Pin=JP3-3
Added Pin To Net: NetName=A Pin=JP3-4
